<?xml version="1.0" encoding="UTF-8"?>
<coverage generated="1708322055500" clover="3.2.0">
  <project timestamp="1708322055500" name="All files">
    <metrics statements="38" coveredstatements="37" conditionals="11" coveredconditionals="10" methods="5" coveredmethods="5" elements="54" coveredelements="52" complexity="0" loc="38" ncloc="38" packages="2" files="2" classes="2"/>
    <package name="src">
      <metrics statements="36" coveredstatements="35" conditionals="11" coveredconditionals="10" methods="5" coveredmethods="5"/>
      <file name="index.ts" path="/Users/mil/Desktop/nearest-color/src/index.ts">
        <metrics statements="36" coveredstatements="35" conditionals="11" coveredconditionals="10" methods="5" coveredmethods="5"/>
        <line num="1" count="1" type="stmt"/>
        <line num="2" count="1" type="stmt"/>
        <line num="60" count="16" type="cond" truecount="3" falsecount="0"/>
        <line num="61" count="2" type="stmt"/>
        <line num="64" count="14" type="stmt"/>
        <line num="69" count="16" type="stmt"/>
        <line num="74" count="1298" type="cond" truecount="1" falsecount="0"/>
        <line num="75" count="36" type="stmt"/>
        <line num="80" count="1262" type="stmt"/>
        <line num="81" count="1262" type="stmt"/>
        <line num="82" count="1262" type="stmt"/>
        <line num="94" count="13" type="cond" truecount="1" falsecount="0"/>
        <line num="95" count="1" type="stmt"/>
        <line num="100" count="12" type="stmt"/>
        <line num="104" count="12" type="stmt"/>
        <line num="112" count="12" type="stmt"/>
        <line num="115" count="1299" type="stmt"/>
        <line num="118" count="1299" type="cond" truecount="1" falsecount="0"/>
        <line num="119" count="1" type="stmt"/>
        <line num="120" count="1" type="stmt"/>
        <line num="125" count="1298" type="stmt"/>
        <line num="130" count="1298" type="stmt"/>
        <line num="136" count="1298" type="cond" truecount="1" falsecount="0"/>
        <line num="137" count="3" type="stmt"/>
        <line num="138" count="3" type="stmt"/>
        <line num="139" count="3" type="stmt"/>
        <line num="144" count="1295" type="cond" truecount="1" falsecount="0"/>
        <line num="145" count="67" type="stmt"/>
        <line num="146" count="67" type="stmt"/>
        <line num="152" count="12" type="cond" truecount="1" falsecount="1"/>
        <line num="153" count="12" type="stmt"/>
        <line num="160" count="0" type="stmt"/>
        <line num="171" count="1" type="stmt"/>
        <line num="181" count="1" type="stmt"/>
        <line num="182" count="1" type="stmt"/>
        <line num="186" count="1" type="stmt"/>
      </file>
    </package>
    <package name="src.utils">
      <metrics statements="2" coveredstatements="2" conditionals="0" coveredconditionals="0" methods="0" coveredmethods="0"/>
      <file name="defaultColors.ts" path="/Users/mil/Desktop/nearest-color/src/utils/defaultColors.ts">
        <metrics statements="2" coveredstatements="2" conditionals="0" coveredconditionals="0" methods="0" coveredmethods="0"/>
        <line num="1" count="1" type="stmt"/>
        <line num="862" count="1" type="stmt"/>
      </file>
    </package>
  </project>
</coverage>
