{"/Users/mil/Desktop/nearest-color/src/index.ts": {"path":"/Users/mil/Desktop/nearest-color/src/index.ts","statementMap":{"0":{"start":{"line":1,"column":0},"end":{"line":1,"column":35}},"1":{"start":{"line":2,"column":0},"end":{"line":2,"column":55}},"2":{"start":{"line":69,"column":10},"end":{"line":69,"column":61}},"3":{"start":{"line":60,"column":4},"end":{"line":62,"column":5}},"4":{"start":{"line":61,"column":6},"end":{"line":61,"column":65}},"5":{"start":{"line":64,"column":4},"end":{"line":64,"column":37}},"6":{"start":{"line":74,"column":4},"end":{"line":76,"column":5}},"7":{"start":{"line":75,"column":6},"end":{"line":75,"column":46}},"8":{"start":{"line":80,"column":16},"end":{"line":80,"column":40}},"9":{"start":{"line":81,"column":4},"end":{"line":81,"column":41}},"10":{"start":{"line":82,"column":4},"end":{"line":82,"column":15}},"11":{"start":{"line":94,"column":4},"end":{"line":96,"column":5}},"12":{"start":{"line":95,"column":6},"end":{"line":95,"column":49}},"13":{"start":{"line":100,"column":22},"end":{"line":100,"column":46}},"14":{"start":{"line":104,"column":24},"end":{"line":104,"column":32}},"15":{"start":{"line":112,"column":4},"end":{"line":148,"column":5}},"16":{"start":{"line":115,"column":23},"end":{"line":115,"column":37}},"17":{"start":{"line":118,"column":6},"end":{"line":121,"column":7}},"18":{"start":{"line":119,"column":8},"end":{"line":119,"column":55}},"19":{"start":{"line":120,"column":8},"end":{"line":120,"column":17}},"20":{"start":{"line":125,"column":26},"end":{"line":125,"column":59}},"21":{"start":{"line":130,"column":8},"end":{"line":132,"column":36}},"22":{"start":{"line":136,"column":6},"end":{"line":140,"column":7}},"23":{"start":{"line":137,"column":8},"end":{"line":137,"column":42}},"24":{"start":{"line":138,"column":8},"end":{"line":138,"column":34}},"25":{"start":{"line":139,"column":8},"end":{"line":139,"column":14}},"26":{"start":{"line":144,"column":6},"end":{"line":147,"column":7}},"27":{"start":{"line":145,"column":8},"end":{"line":145,"column":42}},"28":{"start":{"line":146,"column":8},"end":{"line":146,"column":34}},"29":{"start":{"line":152,"column":4},"end":{"line":161,"column":5}},"30":{"start":{"line":153,"column":6},"end":{"line":155,"column":null}},"31":{"start":{"line":160,"column":6},"end":{"line":160,"column":62}},"32":{"start":{"line":171,"column":4},"end":{"line":171,"column":45}},"33":{"start":{"line":181,"column":27},"end":{"line":181,"column":68}},"34":{"start":{"line":182,"column":4},"end":{"line":182,"column":44}},"35":{"start":{"line":186,"column":0},"end":{"line":186,"column":28}}},"fnMap":{"0":{"name":"(anonymous_1)","decl":{"start":{"line":57,"column":2},"end":{"line":57,"column":14}},"loc":{"start":{"line":57,"column":57},"end":{"line":65,"column":3}}},"1":{"name":"(anonymous_2)","decl":{"start":{"line":71,"column":10},"end":{"line":71,"column":28}},"loc":{"start":{"line":71,"column":47},"end":{"line":83,"column":3}}},"2":{"name":"(anonymous_3)","decl":{"start":{"line":91,"column":2},"end":{"line":91,"column":6}},"loc":{"start":{"line":91,"column":25},"end":{"line":162,"column":3}}},"3":{"name":"(anonymous_4)","decl":{"start":{"line":170,"column":2},"end":{"line":170,"column":8}},"loc":{"start":{"line":170,"column":43},"end":{"line":172,"column":3}}},"4":{"name":"(anonymous_5)","decl":{"start":{"line":180,"column":2},"end":{"line":180,"column":8}},"loc":{"start":{"line":180,"column":38},"end":{"line":183,"column":3}}}},"branchMap":{"0":{"loc":{"start":{"line":57,"column":14},"end":{"line":57,"column":57}},"type":"default-arg","locations":[{"start":{"line":57,"column":43},"end":{"line":57,"column":57}}]},"1":{"loc":{"start":{"line":60,"column":4},"end":{"line":62,"column":5}},"type":"if","locations":[{"start":{"line":60,"column":4},"end":{"line":62,"column":5}}]},"2":{"loc":{"start":{"line":60,"column":8},"end":{"line":60,"column":65}},"type":"binary-expr","locations":[{"start":{"line":60,"column":8},"end":{"line":60,"column":36}},{"start":{"line":60,"column":40},"end":{"line":60,"column":65}}]},"3":{"loc":{"start":{"line":74,"column":4},"end":{"line":76,"column":5}},"type":"if","locations":[{"start":{"line":74,"column":4},"end":{"line":76,"column":5}}]},"4":{"loc":{"start":{"line":94,"column":4},"end":{"line":96,"column":5}},"type":"if","locations":[{"start":{"line":94,"column":4},"end":{"line":96,"column":5}}]},"5":{"loc":{"start":{"line":118,"column":6},"end":{"line":121,"column":7}},"type":"if","locations":[{"start":{"line":118,"column":6},"end":{"line":121,"column":7}}]},"6":{"loc":{"start":{"line":136,"column":6},"end":{"line":140,"column":7}},"type":"if","locations":[{"start":{"line":136,"column":6},"end":{"line":140,"column":7}}]},"7":{"loc":{"start":{"line":144,"column":6},"end":{"line":147,"column":7}},"type":"if","locations":[{"start":{"line":144,"column":6},"end":{"line":147,"column":7}}]},"8":{"loc":{"start":{"line":152,"column":4},"end":{"line":161,"column":5}},"type":"if","locations":[{"start":{"line":152,"column":4},"end":{"line":161,"column":5}},{"start":{"line":157,"column":11},"end":{"line":161,"column":5}}]}},"s":{"0":1,"1":1,"2":16,"3":16,"4":2,"5":14,"6":1298,"7":36,"8":1262,"9":1262,"10":1262,"11":13,"12":1,"13":12,"14":12,"15":12,"16":1299,"17":1299,"18":1,"19":1,"20":1298,"21":1298,"22":1298,"23":3,"24":3,"25":3,"26":1295,"27":67,"28":67,"29":12,"30":12,"31":0,"32":1,"33":1,"34":1,"35":1},"f":{"0":16,"1":1298,"2":13,"3":1,"4":1},"b":{"0":[10],"1":[2],"2":[16,16],"3":[36],"4":[1],"5":[1],"6":[3],"7":[67],"8":[12,0]}}
,"/Users/mil/Desktop/nearest-color/src/utils/defaultColors.ts": {"path":"/Users/mil/Desktop/nearest-color/src/utils/defaultColors.ts","statementMap":{"0":{"start":{"line":1,"column":13},"end":{"line":860,"column":2}},"1":{"start":{"line":862,"column":13},"end":{"line":889,"column":2}}},"fnMap":{},"branchMap":{},"s":{"0":1,"1":1},"f":{},"b":{}}
}
