TN:
SF:src/index.ts
FN:57,(anonymous_1)
FN:71,(anonymous_2)
FN:91,(anonymous_3)
FN:170,(anonymous_4)
FN:180,(anonymous_5)
FNF:5
FNH:5
FNDA:16,(anonymous_1)
FNDA:1298,(anonymous_2)
FNDA:13,(anonymous_3)
FNDA:1,(anonymous_4)
FNDA:1,(anonymous_5)
DA:1,1
DA:2,1
DA:60,16
DA:61,2
DA:64,14
DA:69,16
DA:74,1298
DA:75,36
DA:80,1262
DA:81,1262
DA:82,1262
DA:94,13
DA:95,1
DA:100,12
DA:104,12
DA:112,12
DA:115,1299
DA:118,1299
DA:119,1
DA:120,1
DA:125,1298
DA:130,1298
DA:136,1298
DA:137,3
DA:138,3
DA:139,3
DA:144,1295
DA:145,67
DA:146,67
DA:152,12
DA:153,12
DA:160,0
DA:171,1
DA:181,1
DA:182,1
DA:186,1
LF:36
LH:35
BRDA:57,0,0,10
BRDA:60,1,0,2
BRDA:60,2,0,16
BRDA:60,2,1,16
BRDA:74,3,0,36
BRDA:94,4,0,1
BRDA:118,5,0,1
BRDA:136,6,0,3
BRDA:144,7,0,67
BRDA:152,8,0,12
BRDA:152,8,1,0
BRF:11
BRH:10
end_of_record
TN:
SF:src/utils/defaultColors.ts
FNF:0
FNH:0
DA:1,1
DA:862,1
LF:2
LH:2
BRF:0
BRH:0
end_of_record
